# JRE version: OpenJDK Runtime Environment Corretto-18.0.1.10.1 (18.0.1+10) (build 18.0.1+10-FR)
# Java VM: OpenJDK 64-Bit Server VM Corretto-18.0.1.10.1 (18.0.1+10-FR, mixed mode, sharing, tiered, compressed oops, compressed class ptrs, g1 gc, windows-amd64)
GC Precious Log:
 CardTable entry size: 512
 Card Set container configuration: InlinePtr #cards 4 size 8 Array Of Cards #cards 32 size 80 Howl #buckets 8 coarsen threshold 7372 Howl Bitmap #cards 1024 size 144 coarsen threshold 921 Card regions per heap region 1 cards per card region 8192
 CPUs: 8 total, 8 available
 Memory: 24461M
 Large Page Support: Disabled
 NUMA Support: Disabled
 Compressed Oops: Enabled (Zero based)
 Heap Region Size: 4M
 Heap Min Capacity: 8M
 Heap Initial Capacity: 384M
 Heap Max Capacity: 6116M
 Pre-touch: Disabled
 Parallel Workers: 8
 Concurrent Workers: 2
 Concurrent Refinement Workers: 8
 Periodic GC: Disabled
Heap:
 garbage-first heap   total 237568K, used 67319K [0x0000000681c00000, 0x0000000800000000)
  region size 4096K, 3 young (12288K), 2 survivors (8192K)
 Metaspace       used 35689K, committed 36416K, reserved 1114112K
  class space    used 3867K, committed 4224K, reserved 1048576K
GC Heap History (20 events):
Event: 3.490 GC heap before
{Heap before GC invocations=3 (full 0):
 garbage-first heap   total 393216K, used 89700K [0x0000000681c00000, 0x0000000800000000)
  region size 4096K, 22 young (90112K), 2 survivors (8192K)
 Metaspace       used 21191K, committed 21504K, reserved 1114112K
  class space    used 2375K, committed 2560K, reserved 1048576K
}
Event: 3.499 GC heap after
{Heap after GC invocations=4 (full 0):
 garbage-first heap   total 393216K, used 16940K [0x0000000681c00000, 0x0000000800000000)
  region size 4096K, 4 young (16384K), 4 survivors (16384K)
 Metaspace       used 21191K, committed 21504K, reserved 1114112K
  class space    used 2375K, committed 2560K, reserved 1048576K
}
Event: 4.249 GC heap before
{Heap before GC invocations=5 (full 0):
 garbage-first heap   total 81920K, used 49708K [0x0000000681c00000, 0x0000000800000000)
  region size 4096K, 12 young (49152K), 4 survivors (16384K)
 Metaspace       used 23035K, committed 23424K, reserved 1114112K
  class space    used 2545K, committed 2752K, reserved 1048576K
}
Event: 4.266 GC heap after
{Heap after GC invocations=6 (full 0):
 garbage-first heap   total 81920K, used 29285K [0x0000000681c00000, 0x0000000800000000)
  region size 4096K, 2 young (8192K), 2 survivors (8192K)
 Metaspace       used 23035K, committed 23424K, reserved 1114112K
  class space    used 2545K, committed 2752K, reserved 1048576K
}
Event: 4.325 GC heap before
{Heap before GC invocations=6 (full 0):
 garbage-first heap   total 81920K, used 33381K [0x0000000681c00000, 0x0000000800000000)
  region size 4096K, 3 young (12288K), 2 survivors (8192K)
 Metaspace       used 23046K, committed 23424K, reserved 1114112K
  class space    used 2545K, committed 2752K, reserved 1048576K
}
Event: 4.343 GC heap after
{Heap after GC invocations=7 (full 0):
 garbage-first heap   total 81920K, used 31838K [0x0000000681c00000, 0x0000000800000000)
  region size 4096K, 1 young (4096K), 1 survivors (4096K)
 Metaspace       used 23046K, committed 23424K, reserved 1114112K
  class space    used 2545K, committed 2752K, reserved 1048576K
}
Event: 4.624 GC heap before
{Heap before GC invocations=7 (full 0):
 garbage-first heap   total 81920K, used 52318K [0x0000000681c00000, 0x0000000800000000)
  region size 4096K, 6 young (24576K), 1 survivors (4096K)
 Metaspace       used 23596K, committed 24000K, reserved 1114112K
  class space    used 2603K, committed 2816K, reserved 1048576K
}
Event: 4.629 GC heap after
{Heap after GC invocations=8 (full 0):
 garbage-first heap   total 81920K, used 35482K [0x0000000681c00000, 0x0000000800000000)
  region size 4096K, 1 young (4096K), 1 survivors (4096K)
 Metaspace       used 23596K, committed 24000K, reserved 1114112K
  class space    used 2603K, committed 2816K, reserved 1048576K
}
Event: 4.991 GC heap before
{Heap before GC invocations=8 (full 0):
 garbage-first heap   total 81920K, used 55962K [0x0000000681c00000, 0x0000000800000000)
  region size 4096K, 6 young (24576K), 1 survivors (4096K)
 Metaspace       used 24488K, committed 24896K, reserved 1114112K
  class space    used 2669K, committed 2880K, reserved 1048576K
}
Event: 5.004 GC heap after
{Heap after GC invocations=9 (full 0):
 garbage-first heap   total 237568K, used 38906K [0x0000000681c00000, 0x0000000800000000)
  region size 4096K, 1 young (4096K), 1 survivors (4096K)
 Metaspace       used 24488K, committed 24896K, reserved 1114112K
  class space    used 2669K, committed 2880K, reserved 1048576K
}
Event: 6.348 GC heap before
{Heap before GC invocations=9 (full 0):
 garbage-first heap   total 237568K, used 133114K [0x0000000681c00000, 0x0000000800000000)
  region size 4096K, 25 young (102400K), 1 survivors (4096K)
 Metaspace       used 26817K, committed 27392K, reserved 1114112K
  class space    used 2936K, committed 3200K, reserved 1048576K
}
Event: 6.354 GC heap after
{Heap after GC invocations=10 (full 0):
 garbage-first heap   total 237568K, used 40916K [0x0000000681c00000, 0x0000000800000000)
  region size 4096K, 2 young (8192K), 2 survivors (8192K)
 Metaspace       used 26817K, committed 27392K, reserved 1114112K
  class space    used 2936K, committed 3200K, reserved 1048576K
}
Event: 6.947 GC heap before
{Heap before GC invocations=10 (full 0):
 garbage-first heap   total 237568K, used 155604K [0x0000000681c00000, 0x0000000800000000)
  region size 4096K, 30 young (122880K), 2 survivors (8192K)
 Metaspace       used 27237K, committed 27776K, reserved 1114112K
  class space    used 2955K, committed 3200K, reserved 1048576K
}
Event: 6.954 GC heap after
{Heap after GC invocations=11 (full 0):
 garbage-first heap   total 237568K, used 42414K [0x0000000681c00000, 0x0000000800000000)
  region size 4096K, 2 young (8192K), 2 survivors (8192K)
 Metaspace       used 27237K, committed 27776K, reserved 1114112K
  class space    used 2955K, committed 3200K, reserved 1048576K
}
Event: 8.454 GC heap before
{Heap before GC invocations=11 (full 0):
 garbage-first heap   total 237568K, used 169390K [0x0000000681c00000, 0x0000000800000000)
  region size 4096K, 33 young (135168K), 2 survivors (8192K)
 Metaspace       used 30589K, committed 31168K, reserved 1114112K
  class space    used 3270K, committed 3584K, reserved 1048576K
}
Event: 8.466 GC heap after
{Heap after GC invocations=12 (full 0):
 garbage-first heap   total 237568K, used 47569K [0x0000000681c00000, 0x0000000800000000)
  region size 4096K, 3 young (12288K), 3 survivors (12288K)
 Metaspace       used 30589K, committed 31168K, reserved 1114112K
  class space    used 3270K, committed 3584K, reserved 1048576K
}
Event: 9.950 GC heap before
{Heap before GC invocations=12 (full 0):
 garbage-first heap   total 237568K, used 170449K [0x0000000681c00000, 0x0000000800000000)
  region size 4096K, 34 young (139264K), 3 survivors (12288K)
 Metaspace       used 34241K, committed 34944K, reserved 1114112K
  class space    used 3703K, committed 4096K, reserved 1048576K
}
Event: 9.963 GC heap after
{Heap after GC invocations=13 (full 0):
 garbage-first heap   total 237568K, used 59612K [0x0000000681c00000, 0x0000000800000000)
  region size 4096K, 5 young (20480K), 5 survivors (20480K)
 Metaspace       used 34241K, committed 34944K, reserved 1114112K
  class space    used 3703K, committed 4096K, reserved 1048576K
}
Event: 11.070 GC heap before
{Heap before GC invocations=13 (full 0):
 garbage-first heap   total 237568K, used 108764K [0x0000000681c00000, 0x0000000800000000)
  region size 4096K, 18 young (73728K), 5 survivors (20480K)
 Metaspace       used 35588K, committed 36288K, reserved 1114112K
  class space    used 3854K, committed 4224K, reserved 1048576K
}
Event: 11.084 GC heap after
{Heap after GC invocations=14 (full 0):
 garbage-first heap   total 237568K, used 67319K [0x0000000681c00000, 0x0000000800000000)
  region size 4096K, 2 young (8192K), 2 survivors (8192K)
 Metaspace       used 35588K, committed 36288K, reserved 1114112K
  class space    used 3854K, committed 4224K, reserved 1048576K
}

